<?xml version="1.0" encoding="UTF-8"?>
<!-- Generated by org.testng.reporters.JUnitXMLReporter -->
<testsuite hostname="US28981" ignored="0" name="LoginTest" tests="3" failures="0" timestamp="2022-06-22T01:12:38 CDT" time="33.962" errors="0">
  <testcase name="validUserShouldBeAbleToLogin" time="5.334" classname="test.LoginTest"/>
  <testcase name="userShouldBeAbleToAddCustomer" time="11.976" classname="test.AddContactTest"/>
  <testcase name="userShouldBeAbleToAddCustomerFromListCustomer" time="16.623" classname="test.ListCustomerTest"/>
</testsuite> <!-- LoginTest -->
